# JRE version: OpenJDK Runtime Environment (21.0.4) (build 21.0.4+-12508038-b607.1)
# Java VM: OpenJDK 64-Bit Server VM (21.0.4+-12508038-b607.1, mixed mode, tiered, compressed oops, compressed class ptrs, g1 gc, windows-amd64)
GC Precious Log:
 CardTable entry size: 512
 Card Set container configuration: InlinePtr #cards 5 size 8 Array Of Cards #cards 12 size 40 Howl #buckets 4 coarsen threshold 1843 Howl Bitmap #cards 512 size 80 coarsen threshold 460 Card regions per heap region 1 cards per card region 2048
 CPUs: 4 total, 4 available
 Memory: 8025M
 Large Page Support: Disabled
 NUMA Support: Disabled
 Compressed Oops: Enabled (32-bit)
 Heap Region Size: 1M
 Heap Min Capacity: 8M
 Heap Initial Capacity: 126M
 Heap Max Capacity: 2G
 Pre-touch: Disabled
 Parallel Workers: 4
 Concurrent Workers: 1
 Concurrent Refinement Workers: 4
 Periodic GC: Disabled
Heap:
 garbage-first heap   total 296960K, used 160256K [0x0000000080000000, 0x0000000100000000)
  region size 1024K, 7 young (7168K), 7 survivors (7168K)
 Metaspace       used 145571K, committed 149056K, reserved 1179648K
  class space    used 18787K, committed 20672K, reserved 1048576K
GC Heap History (20 events):
Event: 2203.858 GC heap after
{Heap after GC invocations=88 (full 0):
 garbage-first heap   total 293888K, used 150791K [0x0000000080000000, 0x0000000100000000)
  region size 1024K, 2 young (2048K), 2 survivors (2048K)
 Metaspace       used 145114K, committed 149056K, reserved 1179648K
  class space    used 18866K, committed 20672K, reserved 1048576K
}
Event: 2738.949 GC heap before
{Heap before GC invocations=88 (full 0):
 garbage-first heap   total 293888K, used 277767K [0x0000000080000000, 0x0000000100000000)
  region size 1024K, 108 young (110592K), 2 survivors (2048K)
 Metaspace       used 145632K, committed 149056K, reserved 1179648K
  class space    used 18888K, committed 20672K, reserved 1048576K
}
Event: 2739.144 GC heap after
{Heap after GC invocations=89 (full 0):
 garbage-first heap   total 293888K, used 152998K [0x0000000080000000, 0x0000000100000000)
  region size 1024K, 2 young (2048K), 2 survivors (2048K)
 Metaspace       used 145632K, committed 149056K, reserved 1179648K
  class space    used 18888K, committed 20672K, reserved 1048576K
}
Event: 2741.547 GC heap before
{Heap before GC invocations=89 (full 0):
 garbage-first heap   total 293888K, used 200102K [0x0000000080000000, 0x0000000100000000)
  region size 1024K, 50 young (51200K), 2 survivors (2048K)
 Metaspace       used 145712K, committed 149120K, reserved 1179648K
  class space    used 18891K, committed 20672K, reserved 1048576K
}
Event: 2741.586 GC heap after
{Heap after GC invocations=90 (full 0):
 garbage-first heap   total 293888K, used 157103K [0x0000000080000000, 0x0000000100000000)
  region size 1024K, 8 young (8192K), 8 survivors (8192K)
 Metaspace       used 145712K, committed 149120K, reserved 1179648K
  class space    used 18891K, committed 20672K, reserved 1048576K
}
Event: 2847.378 GC heap before
{Heap before GC invocations=91 (full 0):
 garbage-first heap   total 293888K, used 284079K [0x0000000080000000, 0x0000000100000000)
  region size 1024K, 115 young (117760K), 8 survivors (8192K)
 Metaspace       used 145044K, committed 148928K, reserved 1179648K
  class space    used 18798K, committed 20672K, reserved 1048576K
}
Event: 2847.477 GC heap after
{Heap after GC invocations=92 (full 0):
 garbage-first heap   total 293888K, used 138327K [0x0000000080000000, 0x0000000100000000)
  region size 1024K, 2 young (2048K), 2 survivors (2048K)
 Metaspace       used 145044K, committed 148928K, reserved 1179648K
  class space    used 18798K, committed 20672K, reserved 1048576K
}
Event: 4120.764 GC heap before
{Heap before GC invocations=92 (full 0):
 garbage-first heap   total 293888K, used 275543K [0x0000000080000000, 0x0000000100000000)
  region size 1024K, 131 young (134144K), 2 survivors (2048K)
 Metaspace       used 145467K, committed 148928K, reserved 1179648K
  class space    used 18823K, committed 20672K, reserved 1048576K
}
Event: 4120.880 GC heap after
{Heap after GC invocations=93 (full 0):
 garbage-first heap   total 296960K, used 138492K [0x0000000080000000, 0x0000000100000000)
  region size 1024K, 17 young (17408K), 17 survivors (17408K)
 Metaspace       used 145467K, committed 148928K, reserved 1179648K
  class space    used 18823K, committed 20672K, reserved 1048576K
}
Event: 4121.040 GC heap before
{Heap before GC invocations=93 (full 0):
 garbage-first heap   total 296960K, used 146684K [0x0000000080000000, 0x0000000100000000)
  region size 1024K, 25 young (25600K), 17 survivors (17408K)
 Metaspace       used 145499K, committed 148928K, reserved 1179648K
  class space    used 18823K, committed 20672K, reserved 1048576K
}
Event: 4121.118 GC heap after
{Heap after GC invocations=94 (full 0):
 garbage-first heap   total 296960K, used 137210K [0x0000000080000000, 0x0000000100000000)
  region size 1024K, 4 young (4096K), 4 survivors (4096K)
 Metaspace       used 145499K, committed 148928K, reserved 1179648K
  class space    used 18823K, committed 20672K, reserved 1048576K
}
Event: 4122.478 GC heap before
{Heap before GC invocations=94 (full 0):
 garbage-first heap   total 296960K, used 161786K [0x0000000080000000, 0x0000000100000000)
  region size 1024K, 29 young (29696K), 4 survivors (4096K)
 Metaspace       used 145735K, committed 149056K, reserved 1179648K
  class space    used 18829K, committed 20672K, reserved 1048576K
}
Event: 4122.524 GC heap after
{Heap after GC invocations=95 (full 0):
 garbage-first heap   total 296960K, used 135605K [0x0000000080000000, 0x0000000100000000)
  region size 1024K, 3 young (3072K), 3 survivors (3072K)
 Metaspace       used 145735K, committed 149056K, reserved 1179648K
  class space    used 18829K, committed 20672K, reserved 1048576K
}
Event: 4254.835 GC heap before
{Heap before GC invocations=95 (full 0):
 garbage-first heap   total 296960K, used 250293K [0x0000000080000000, 0x0000000100000000)
  region size 1024K, 103 young (105472K), 3 survivors (3072K)
 Metaspace       used 145937K, committed 149056K, reserved 1179648K
  class space    used 18835K, committed 20672K, reserved 1048576K
}
Event: 4255.134 GC heap after
{Heap after GC invocations=96 (full 0):
 garbage-first heap   total 296960K, used 134055K [0x0000000080000000, 0x0000000100000000)
  region size 1024K, 3 young (3072K), 3 survivors (3072K)
 Metaspace       used 145937K, committed 149056K, reserved 1179648K
  class space    used 18835K, committed 20672K, reserved 1048576K
}
Event: 9052.295 GC heap before
{Heap before GC invocations=96 (full 0):
 garbage-first heap   total 296960K, used 173991K [0x0000000080000000, 0x0000000100000000)
  region size 1024K, 42 young (43008K), 3 survivors (3072K)
 Metaspace       used 145937K, committed 149056K, reserved 1179648K
  class space    used 18835K, committed 20672K, reserved 1048576K
}
Event: 9052.399 GC heap after
{Heap after GC invocations=97 (full 0):
 garbage-first heap   total 296960K, used 132790K [0x0000000080000000, 0x0000000100000000)
  region size 1024K, 3 young (3072K), 3 survivors (3072K)
 Metaspace       used 145937K, committed 149056K, reserved 1179648K
  class space    used 18835K, committed 20672K, reserved 1048576K
}
Event: 10140.020 GC heap before
{Heap before GC invocations=97 (full 0):
 garbage-first heap   total 296960K, used 272054K [0x0000000080000000, 0x0000000100000000)
  region size 1024K, 140 young (143360K), 3 survivors (3072K)
 Metaspace       used 146017K, committed 149056K, reserved 1179648K
  class space    used 18836K, committed 20672K, reserved 1048576K
}
Event: 10140.194 GC heap after
{Heap after GC invocations=98 (full 0):
 garbage-first heap   total 296960K, used 138564K [0x0000000080000000, 0x0000000100000000)
  region size 1024K, 9 young (9216K), 9 survivors (9216K)
 Metaspace       used 146017K, committed 149056K, reserved 1179648K
  class space    used 18836K, committed 20672K, reserved 1048576K
}
Event: 10143.135 GC heap before
{Heap before GC invocations=98 (full 0):
 garbage-first heap   total 296960K, used 184644K [0x0000000080000000, 0x0000000100000000)
  region size 1024K, 52 young (53248K), 9 survivors (9216K)
 Metaspace       used 145571K, committed 149056K, reserved 1179648K
  class space    used 18787K, committed 20672K, reserved 1048576K
}

